2025-04-04 00:44:47 [main] INFO  c.e.s.c.StudentRestControllerTest - Starting StudentRestControllerTest using Java 17.0.12 with PID 14980 (started by nazar in D:\spring\spring-students-management)
 2025-04-04 00:44:47 [main] DEBUG c.e.s.c.StudentRestControllerTest - Running with Spring Boot v3.2.3, Spring v6.1.4
 2025-04-04 00:44:47 [main] INFO  c.e.s.c.StudentRestControllerTest - No active profile set, falling back to 1 default profile: "default"
 2025-04-04 00:44:49 [main] INFO  o.s.b.t.m.w.SpringBootMockServletContext - Initializing Spring TestDispatcherServlet ''
 2025-04-04 00:44:49 [main] INFO  o.s.t.w.s.TestDispatcherServlet - Initializing Servlet ''
 2025-04-04 00:44:49 [main] INFO  o.s.t.w.s.TestDispatcherServlet - Completed initialization in 2 ms
 2025-04-04 00:44:49 [main] INFO  c.e.s.c.StudentRestControllerTest - Started StudentRestControllerTest in 2.575 seconds (process running for 3.364)
 2025-04-04 00:44:49 [main] DEBUG c.e.s.c.StudentRestController - Received request to get student with id: 1
 2025-04-04 00:44:49 [main] ERROR c.e.s.e.GlobalExceptionHandler - Student not found: Student not found with id: 1
 2025-04-04 00:44:50 [main] DEBUG c.e.s.c.StudentRestController - Received request to create new student: RequestStudentDTO(name=John Doe, age=20)
 2025-04-04 00:44:50 [main] INFO  c.e.s.c.StudentRestController - Successfully created student with id: 1
 2025-04-04 00:44:50 [main] DEBUG c.e.s.c.StudentRestController - Received request to get all students
 2025-04-04 00:44:50 [main] INFO  c.e.s.c.StudentRestController - Successfully retrieved 1 students
 2025-04-04 00:44:50 [main] DEBUG c.e.s.c.StudentRestController - Received request to update student with id: 1
 2025-04-04 00:44:50 [main] ERROR c.e.s.e.GlobalExceptionHandler - Student not found: Student not found with id: 1
 2025-04-04 00:44:50 [main] DEBUG c.e.s.c.StudentRestController - Received request to delete student with id: 1
 2025-04-04 00:44:50 [main] INFO  c.e.s.c.StudentRestController - Successfully deleted student with id: 1
 2025-04-04 00:44:50 [main] DEBUG c.e.s.c.StudentRestController - Received request to delete student with id: 1
 2025-04-04 00:44:50 [main] ERROR c.e.s.e.GlobalExceptionHandler - Student not found: Student not found with id: 1
 2025-04-04 00:44:50 [main] ERROR c.e.s.e.GlobalExceptionHandler - Validation error: Validation failed for argument [0] in public org.springframework.http.ResponseEntity<com.example.studentmanagement.dto.ResponseStudentDTO> com.example.studentmanagement.controller.StudentRestController.createStudent(com.example.studentmanagement.dto.RequestStudentDTO): [Field error in object 'requestStudentDTO' on field 'age': rejected value [15]; codes [Min.requestStudentDTO.age,Min.age,Min.java.lang.Integer,Min]; arguments [org.springframework.context.support.DefaultMessageSourceResolvable: codes [requestStudentDTO.age,age]; arguments []; default message [age],16]; default message [Age must be at least 16]] 
 2025-04-04 00:44:50 [main] DEBUG c.e.s.c.StudentRestController - Received request to update student with id: 1
 2025-04-04 00:44:50 [main] INFO  c.e.s.c.StudentRestController - Successfully updated student with id: 1
 2025-04-04 00:44:50 [main] DEBUG c.e.s.c.StudentRestController - Received request to get student with id: 1
 2025-04-04 00:44:50 [main] INFO  c.e.s.c.StudentRestController - Successfully retrieved student with id: 1
 2025-04-04 00:44:50 [main] DEBUG c.e.s.s.impl.StudentServiceImpl - Creating new student: RequestStudentDTO(name=John Doe, age=20)
 2025-04-04 00:44:50 [main] INFO  c.e.s.s.impl.StudentServiceImpl - Created new student with id: 1
 2025-04-04 00:44:50 [main] DEBUG c.e.s.s.impl.StudentServiceImpl - Getting all students
 2025-04-04 00:44:50 [main] DEBUG c.e.s.s.impl.StudentServiceImpl - Updating student with id: 1
 2025-04-04 00:44:50 [main] ERROR c.e.s.s.impl.StudentServiceImpl - Student not found with id: 1
 2025-04-04 00:44:50 [main] DEBUG c.e.s.s.impl.StudentServiceImpl - Getting student with id: 1
 2025-04-04 00:44:50 [main] ERROR c.e.s.s.impl.StudentServiceImpl - Student not found with id: 1
 2025-04-04 00:44:50 [main] DEBUG c.e.s.s.impl.StudentServiceImpl - Updating student with id: 1
 2025-04-04 00:44:50 [main] INFO  c.e.s.s.impl.StudentServiceImpl - Updated student with id: 1
 2025-04-04 00:44:50 [main] DEBUG c.e.s.s.impl.StudentServiceImpl - Deleting student with id: 1
 2025-04-04 00:44:50 [main] INFO  c.e.s.s.impl.StudentServiceImpl - Deleted student with id: 1
 2025-04-04 00:44:50 [main] DEBUG c.e.s.s.impl.StudentServiceImpl - Deleting student with id: 1
 2025-04-04 00:44:50 [main] ERROR c.e.s.s.impl.StudentServiceImpl - Student not found with id: 1
 2025-04-04 00:44:50 [main] DEBUG c.e.s.s.impl.StudentServiceImpl - Getting student with id: 1
 2025-04-04 00:46:17 [main] INFO  c.e.s.c.StudentRestControllerTest - Starting StudentRestControllerTest using Java 17.0.12 with PID 16932 (started by nazar in D:\spring\spring-students-management)
 2025-04-04 00:46:17 [main] DEBUG c.e.s.c.StudentRestControllerTest - Running with Spring Boot v3.2.3, Spring v6.1.4
 2025-04-04 00:46:17 [main] INFO  c.e.s.c.StudentRestControllerTest - No active profile set, falling back to 1 default profile: "default"
 2025-04-04 00:46:19 [main] INFO  o.s.b.t.m.w.SpringBootMockServletContext - Initializing Spring TestDispatcherServlet ''
 2025-04-04 00:46:19 [main] INFO  o.s.t.w.s.TestDispatcherServlet - Initializing Servlet ''
 2025-04-04 00:46:19 [main] INFO  o.s.t.w.s.TestDispatcherServlet - Completed initialization in 2 ms
 2025-04-04 00:46:19 [main] INFO  c.e.s.c.StudentRestControllerTest - Started StudentRestControllerTest in 2.559 seconds (process running for 3.361)
 2025-04-04 00:46:19 [main] DEBUG c.e.s.c.StudentRestController - Received request to get student with id: 1
 2025-04-04 00:46:19 [main] ERROR c.e.s.e.GlobalExceptionHandler - Student not found: Student not found with id: 1
 2025-04-04 00:46:20 [main] DEBUG c.e.s.c.StudentRestController - Received request to create new student: RequestStudentDTO(name=John Doe, age=20)
 2025-04-04 00:46:20 [main] INFO  c.e.s.c.StudentRestController - Successfully created student with id: 1
 2025-04-04 00:46:20 [main] DEBUG c.e.s.c.StudentRestController - Received request to get all students
 2025-04-04 00:46:20 [main] INFO  c.e.s.c.StudentRestController - Successfully retrieved 1 students
 2025-04-04 00:46:20 [main] DEBUG c.e.s.c.StudentRestController - Received request to update student with id: 1
 2025-04-04 00:46:20 [main] ERROR c.e.s.e.GlobalExceptionHandler - Student not found: Student not found with id: 1
 2025-04-04 00:46:20 [main] DEBUG c.e.s.c.StudentRestController - Received request to delete student with id: 1
 2025-04-04 00:46:20 [main] INFO  c.e.s.c.StudentRestController - Successfully deleted student with id: 1
 2025-04-04 00:46:20 [main] DEBUG c.e.s.c.StudentRestController - Received request to delete student with id: 1
 2025-04-04 00:46:20 [main] ERROR c.e.s.e.GlobalExceptionHandler - Student not found: Student not found with id: 1
 2025-04-04 00:46:20 [main] ERROR c.e.s.e.GlobalExceptionHandler - Validation error: Validation failed for argument [0] in public org.springframework.http.ResponseEntity<com.example.studentmanagement.dto.ResponseStudentDTO> com.example.studentmanagement.controller.StudentRestController.createStudent(com.example.studentmanagement.dto.RequestStudentDTO): [Field error in object 'requestStudentDTO' on field 'age': rejected value [15]; codes [Min.requestStudentDTO.age,Min.age,Min.java.lang.Integer,Min]; arguments [org.springframework.context.support.DefaultMessageSourceResolvable: codes [requestStudentDTO.age,age]; arguments []; default message [age],16]; default message [Age must be at least 16]] 
 2025-04-04 00:46:20 [main] DEBUG c.e.s.c.StudentRestController - Received request to update student with id: 1
 2025-04-04 00:46:20 [main] INFO  c.e.s.c.StudentRestController - Successfully updated student with id: 1
 2025-04-04 00:46:20 [main] DEBUG c.e.s.c.StudentRestController - Received request to get student with id: 1
 2025-04-04 00:46:20 [main] INFO  c.e.s.c.StudentRestController - Successfully retrieved student with id: 1
 2025-04-04 00:46:20 [main] DEBUG c.e.s.s.impl.StudentServiceImpl - Creating new student: RequestStudentDTO(name=John Doe, age=20)
 2025-04-04 00:46:20 [main] INFO  c.e.s.s.impl.StudentServiceImpl - Created new student with id: 1
 2025-04-04 00:46:20 [main] DEBUG c.e.s.s.impl.StudentServiceImpl - Getting all students
 2025-04-04 00:46:20 [main] DEBUG c.e.s.s.impl.StudentServiceImpl - Updating student with id: 1
 2025-04-04 00:46:20 [main] ERROR c.e.s.s.impl.StudentServiceImpl - Student not found with id: 1
 2025-04-04 00:46:20 [main] DEBUG c.e.s.s.impl.StudentServiceImpl - Getting student with id: 1
 2025-04-04 00:46:20 [main] ERROR c.e.s.s.impl.StudentServiceImpl - Student not found with id: 1
 2025-04-04 00:46:20 [main] DEBUG c.e.s.s.impl.StudentServiceImpl - Updating student with id: 1
 2025-04-04 00:46:20 [main] INFO  c.e.s.s.impl.StudentServiceImpl - Updated student with id: 1
 2025-04-04 00:46:20 [main] DEBUG c.e.s.s.impl.StudentServiceImpl - Deleting student with id: 1
 2025-04-04 00:46:20 [main] INFO  c.e.s.s.impl.StudentServiceImpl - Deleted student with id: 1
 2025-04-04 00:46:20 [main] DEBUG c.e.s.s.impl.StudentServiceImpl - Deleting student with id: 1
 2025-04-04 00:46:20 [main] ERROR c.e.s.s.impl.StudentServiceImpl - Student not found with id: 1
 2025-04-04 00:46:20 [main] DEBUG c.e.s.s.impl.StudentServiceImpl - Getting student with id: 1
 2025-04-04 00:46:42 [main] INFO  c.e.s.c.StudentRestControllerTest - Starting StudentRestControllerTest using Java 17.0.12 with PID 3432 (started by nazar in D:\spring\spring-students-management)
 2025-04-04 00:46:42 [main] DEBUG c.e.s.c.StudentRestControllerTest - Running with Spring Boot v3.2.3, Spring v6.1.4
 2025-04-04 00:46:42 [main] INFO  c.e.s.c.StudentRestControllerTest - No active profile set, falling back to 1 default profile: "default"
 2025-04-04 00:46:45 [main] INFO  o.s.b.t.m.w.SpringBootMockServletContext - Initializing Spring TestDispatcherServlet ''
 2025-04-04 00:46:45 [main] INFO  o.s.t.w.s.TestDispatcherServlet - Initializing Servlet ''
 2025-04-04 00:46:45 [main] INFO  o.s.t.w.s.TestDispatcherServlet - Completed initialization in 2 ms
 2025-04-04 00:46:45 [main] INFO  c.e.s.c.StudentRestControllerTest - Started StudentRestControllerTest in 2.56 seconds (process running for 3.306)
 2025-04-04 00:46:45 [main] DEBUG c.e.s.c.StudentRestController - Received request to get student with id: 1
 2025-04-04 00:46:45 [main] ERROR c.e.s.e.GlobalExceptionHandler - Student not found: Student not found with id: 1
 2025-04-04 00:46:45 [main] DEBUG c.e.s.c.StudentRestController - Received request to create new student: RequestStudentDTO(name=John Doe, age=20)
 2025-04-04 00:46:45 [main] INFO  c.e.s.c.StudentRestController - Successfully created student with id: 1
 2025-04-04 00:46:45 [main] DEBUG c.e.s.c.StudentRestController - Received request to get all students
 2025-04-04 00:46:45 [main] INFO  c.e.s.c.StudentRestController - Successfully retrieved 1 students
 2025-04-04 00:46:45 [main] DEBUG c.e.s.c.StudentRestController - Received request to update student with id: 1
 2025-04-04 00:46:45 [main] ERROR c.e.s.e.GlobalExceptionHandler - Student not found: Student not found with id: 1
 2025-04-04 00:46:45 [main] DEBUG c.e.s.c.StudentRestController - Received request to delete student with id: 1
 2025-04-04 00:46:45 [main] INFO  c.e.s.c.StudentRestController - Successfully deleted student with id: 1
 2025-04-04 00:46:45 [main] DEBUG c.e.s.c.StudentRestController - Received request to delete student with id: 1
 2025-04-04 00:46:45 [main] ERROR c.e.s.e.GlobalExceptionHandler - Student not found: Student not found with id: 1
 2025-04-04 00:46:45 [main] ERROR c.e.s.e.GlobalExceptionHandler - Validation error: Validation failed for argument [0] in public org.springframework.http.ResponseEntity<com.example.studentmanagement.dto.ResponseStudentDTO> com.example.studentmanagement.controller.StudentRestController.createStudent(com.example.studentmanagement.dto.RequestStudentDTO): [Field error in object 'requestStudentDTO' on field 'age': rejected value [15]; codes [Min.requestStudentDTO.age,Min.age,Min.java.lang.Integer,Min]; arguments [org.springframework.context.support.DefaultMessageSourceResolvable: codes [requestStudentDTO.age,age]; arguments []; default message [age],16]; default message [Age must be at least 16]] 
 2025-04-04 00:46:45 [main] DEBUG c.e.s.c.StudentRestController - Received request to update student with id: 1
 2025-04-04 00:46:45 [main] INFO  c.e.s.c.StudentRestController - Successfully updated student with id: 1
 2025-04-04 00:46:45 [main] DEBUG c.e.s.c.StudentRestController - Received request to get student with id: 1
 2025-04-04 00:46:45 [main] INFO  c.e.s.c.StudentRestController - Successfully retrieved student with id: 1
 2025-04-04 00:46:45 [main] DEBUG c.e.s.s.impl.StudentServiceImpl - Creating new student: RequestStudentDTO(name=John Doe, age=20)
 2025-04-04 00:46:45 [main] INFO  c.e.s.s.impl.StudentServiceImpl - Created new student with id: 1
 2025-04-04 00:46:45 [main] DEBUG c.e.s.s.impl.StudentServiceImpl - Getting all students
 2025-04-04 00:46:45 [main] DEBUG c.e.s.s.impl.StudentServiceImpl - Updating student with id: 1
 2025-04-04 00:46:45 [main] ERROR c.e.s.s.impl.StudentServiceImpl - Student not found with id: 1
 2025-04-04 00:46:45 [main] DEBUG c.e.s.s.impl.StudentServiceImpl - Getting student with id: 1
 2025-04-04 00:46:45 [main] ERROR c.e.s.s.impl.StudentServiceImpl - Student not found with id: 1
 2025-04-04 00:46:45 [main] DEBUG c.e.s.s.impl.StudentServiceImpl - Updating student with id: 1
 2025-04-04 00:46:45 [main] INFO  c.e.s.s.impl.StudentServiceImpl - Updated student with id: 1
 2025-04-04 00:46:45 [main] DEBUG c.e.s.s.impl.StudentServiceImpl - Deleting student with id: 1
 2025-04-04 00:46:45 [main] INFO  c.e.s.s.impl.StudentServiceImpl - Deleted student with id: 1
 2025-04-04 00:46:45 [main] DEBUG c.e.s.s.impl.StudentServiceImpl - Deleting student with id: 1
 2025-04-04 00:46:45 [main] ERROR c.e.s.s.impl.StudentServiceImpl - Student not found with id: 1
 2025-04-04 00:46:45 [main] DEBUG c.e.s.s.impl.StudentServiceImpl - Getting student with id: 1
 2025-04-04 00:47:06 [main] INFO  c.e.s.StudentManagementApplication - Starting StudentManagementApplication using Java 17.0.12 with PID 16760 (D:\spring\spring-students-management\target\classes started by nazar in D:\spring\spring-students-management)
 2025-04-04 00:47:06 [main] DEBUG c.e.s.StudentManagementApplication - Running with Spring Boot v3.2.3, Spring v6.1.4
 2025-04-04 00:47:06 [main] INFO  c.e.s.StudentManagementApplication - No active profile set, falling back to 1 default profile: "default"
 2025-04-04 00:47:06 [main] INFO  o.s.d.r.c.RepositoryConfigurationDelegate - Bootstrapping Spring Data JPA repositories in DEFAULT mode.
 2025-04-04 00:47:06 [main] INFO  o.s.d.r.c.RepositoryConfigurationDelegate - Finished Spring Data repository scanning in 29 ms. Found 1 JPA repository interface.
 2025-04-04 00:47:07 [main] INFO  o.s.b.w.e.tomcat.TomcatWebServer - Tomcat initialized with port 8080 (http)
 2025-04-04 00:47:07 [main] INFO  o.a.catalina.core.StandardService - Starting service [Tomcat]
 2025-04-04 00:47:07 [main] INFO  o.a.catalina.core.StandardEngine - Starting Servlet engine: [Apache Tomcat/10.1.19]
 2025-04-04 00:47:07 [main] INFO  o.a.c.c.C.[Tomcat].[localhost].[/] - Initializing Spring embedded WebApplicationContext
 2025-04-04 00:47:07 [main] INFO  o.s.b.w.s.c.ServletWebServerApplicationContext - Root WebApplicationContext: initialization completed in 851 ms
 2025-04-04 00:47:07 [main] INFO  com.zaxxer.hikari.HikariDataSource - HikariPool-1 - Starting...
 2025-04-04 00:47:07 [main] INFO  com.zaxxer.hikari.pool.HikariPool - HikariPool-1 - Added connection conn0: url=jdbc:h2:mem:studentdb user=SA
 2025-04-04 00:47:07 [main] INFO  com.zaxxer.hikari.HikariDataSource - HikariPool-1 - Start completed.
 2025-04-04 00:47:07 [main] INFO  o.s.b.a.h.H2ConsoleAutoConfiguration - H2 console available at '/h2-console'. Database available at 'jdbc:h2:mem:studentdb'
 2025-04-04 00:47:07 [main] INFO  o.h.jpa.internal.util.LogHelper - HHH000204: Processing PersistenceUnitInfo [name: default]
 2025-04-04 00:47:07 [main] INFO  org.hibernate.Version - HHH000412: Hibernate ORM core version 6.4.4.Final
 2025-04-04 00:47:07 [main] INFO  o.h.c.i.RegionFactoryInitiator - HHH000026: Second-level cache disabled
 2025-04-04 00:47:07 [main] INFO  o.s.o.j.p.SpringPersistenceUnitInfo - No LoadTimeWeaver setup: ignoring JPA class transformer
 2025-04-04 00:47:07 [main] WARN  org.hibernate.orm.deprecation - HHH90000025: H2Dialect does not need to be specified explicitly using 'hibernate.dialect' (remove the property setting and it will be selected by default)
 2025-04-04 00:47:08 [main] INFO  o.h.e.t.j.p.i.JtaPlatformInitiator - HHH000489: No JTA platform available (set 'hibernate.transaction.jta.platform' to enable JTA platform integration)
 2025-04-04 00:47:08 [main] INFO  o.s.o.j.LocalContainerEntityManagerFactoryBean - Initialized JPA EntityManagerFactory for persistence unit 'default'
 2025-04-04 00:47:08 [main] WARN  o.s.b.a.o.j.JpaBaseConfiguration$JpaWebConfiguration - spring.jpa.open-in-view is enabled by default. Therefore, database queries may be performed during view rendering. Explicitly configure spring.jpa.open-in-view to disable this warning
 2025-04-04 00:47:08 [main] INFO  o.s.b.w.e.tomcat.TomcatWebServer - Tomcat started on port 8080 (http) with context path ''
 2025-04-04 00:47:08 [main] INFO  c.e.s.StudentManagementApplication - Started StudentManagementApplication in 2.655 seconds (process running for 2.882)
 2025-04-04 00:48:17 [http-nio-8080-exec-1] INFO  o.a.c.c.C.[Tomcat].[localhost].[/] - Initializing Spring DispatcherServlet 'dispatcherServlet'
 2025-04-04 00:48:17 [http-nio-8080-exec-1] INFO  o.s.web.servlet.DispatcherServlet - Initializing Servlet 'dispatcherServlet'
 2025-04-04 00:48:17 [http-nio-8080-exec-1] INFO  o.s.web.servlet.DispatcherServlet - Completed initialization in 1 ms
 2025-04-04 00:48:17 [http-nio-8080-exec-1] DEBUG c.e.s.s.impl.StudentServiceImpl - Getting all students
 2025-04-04 00:48:17 [http-nio-8080-exec-1] ERROR o.a.c.c.C.[.[.[.[dispatcherServlet] - Servlet.service() for servlet [dispatcherServlet] in context with path [] threw exception [Circular view path [home]: would dispatch back to the current handler URL [/home] again. Check your ViewResolver setup! (Hint: This may be the result of an unspecified view, due to default view name generation.)] with root cause
 jakarta.servlet.ServletException: Circular view path [home]: would dispatch back to the current handler URL [/home] again. Check your ViewResolver setup! (Hint: This may be the result of an unspecified view, due to default view name generation.)
	at org.springframework.web.servlet.view.InternalResourceView.prepareForRendering(InternalResourceView.java:210)
	at org.springframework.web.servlet.view.InternalResourceView.renderMergedOutputModel(InternalResourceView.java:148)
	at org.springframework.web.servlet.view.AbstractView.render(AbstractView.java:314)
	at org.springframework.web.servlet.DispatcherServlet.render(DispatcherServlet.java:1431)
	at org.springframework.web.servlet.DispatcherServlet.processDispatchResult(DispatcherServlet.java:1167)
	at org.springframework.web.servlet.DispatcherServlet.doDispatch(DispatcherServlet.java:1106)
	at org.springframework.web.servlet.DispatcherServlet.doService(DispatcherServlet.java:979)
	at org.springframework.web.servlet.FrameworkServlet.processRequest(FrameworkServlet.java:1014)
	at org.springframework.web.servlet.FrameworkServlet.doGet(FrameworkServlet.java:903)
	at jakarta.servlet.http.HttpServlet.service(HttpServlet.java:564)
	at org.springframework.web.servlet.FrameworkServlet.service(FrameworkServlet.java:885)
	at jakarta.servlet.http.HttpServlet.service(HttpServlet.java:658)
	at org.apache.catalina.core.ApplicationFilterChain.internalDoFilter(ApplicationFilterChain.java:205)
	at org.apache.catalina.core.ApplicationFilterChain.doFilter(ApplicationFilterChain.java:149)
	at org.apache.tomcat.websocket.server.WsFilter.doFilter(WsFilter.java:51)
	at org.apache.catalina.core.ApplicationFilterChain.internalDoFilter(ApplicationFilterChain.java:174)
	at org.apache.catalina.core.ApplicationFilterChain.doFilter(ApplicationFilterChain.java:149)
	at org.springframework.web.filter.RequestContextFilter.doFilterInternal(RequestContextFilter.java:100)
	at org.springframework.web.filter.OncePerRequestFilter.doFilter(OncePerRequestFilter.java:116)
	at org.apache.catalina.core.ApplicationFilterChain.internalDoFilter(ApplicationFilterChain.java:174)
	at org.apache.catalina.core.ApplicationFilterChain.doFilter(ApplicationFilterChain.java:149)
	at org.springframework.web.filter.FormContentFilter.doFilterInternal(FormContentFilter.java:93)
	at org.springframework.web.filter.OncePerRequestFilter.doFilter(OncePerRequestFilter.java:116)
	at org.apache.catalina.core.ApplicationFilterChain.internalDoFilter(ApplicationFilterChain.java:174)
	at org.apache.catalina.core.ApplicationFilterChain.doFilter(ApplicationFilterChain.java:149)
	at org.springframework.web.filter.CharacterEncodingFilter.doFilterInternal(CharacterEncodingFilter.java:201)
	at org.springframework.web.filter.OncePerRequestFilter.doFilter(OncePerRequestFilter.java:116)
	at org.apache.catalina.core.ApplicationFilterChain.internalDoFilter(ApplicationFilterChain.java:174)
	at org.apache.catalina.core.ApplicationFilterChain.doFilter(ApplicationFilterChain.java:149)
	at org.apache.catalina.core.StandardWrapperValve.invoke(StandardWrapperValve.java:167)
	at org.apache.catalina.core.StandardContextValve.invoke(StandardContextValve.java:90)
	at org.apache.catalina.authenticator.AuthenticatorBase.invoke(AuthenticatorBase.java:482)
	at org.apache.catalina.core.StandardHostValve.invoke(StandardHostValve.java:115)
	at org.apache.catalina.valves.ErrorReportValve.invoke(ErrorReportValve.java:93)
	at org.apache.catalina.core.StandardEngineValve.invoke(StandardEngineValve.java:74)
	at org.apache.catalina.connector.CoyoteAdapter.service(CoyoteAdapter.java:344)
	at org.apache.coyote.http11.Http11Processor.service(Http11Processor.java:391)
	at org.apache.coyote.AbstractProcessorLight.process(AbstractProcessorLight.java:63)
	at org.apache.coyote.AbstractProtocol$ConnectionHandler.process(AbstractProtocol.java:896)
	at org.apache.tomcat.util.net.NioEndpoint$SocketProcessor.doRun(NioEndpoint.java:1744)
	at org.apache.tomcat.util.net.SocketProcessorBase.run(SocketProcessorBase.java:52)
	at org.apache.tomcat.util.threads.ThreadPoolExecutor.runWorker(ThreadPoolExecutor.java:1191)
	at org.apache.tomcat.util.threads.ThreadPoolExecutor$Worker.run(ThreadPoolExecutor.java:659)
	at org.apache.tomcat.util.threads.TaskThread$WrappingRunnable.run(TaskThread.java:63)
	at java.base/java.lang.Thread.run(Thread.java:842)
2025-04-04 00:50:20 [SpringApplicationShutdownHook] INFO  o.s.o.j.LocalContainerEntityManagerFactoryBean - Closing JPA EntityManagerFactory for persistence unit 'default'
 2025-04-04 00:50:20 [SpringApplicationShutdownHook] INFO  com.zaxxer.hikari.HikariDataSource - HikariPool-1 - Shutdown initiated...
 2025-04-04 00:50:20 [SpringApplicationShutdownHook] INFO  com.zaxxer.hikari.HikariDataSource - HikariPool-1 - Shutdown completed.
 2025-04-04 00:51:13 [main] INFO  c.e.s.StudentManagementApplication - Starting StudentManagementApplication using Java 17.0.12 with PID 16344 (D:\spring\spring-students-management\target\classes started by nazar in D:\spring\spring-students-management)
 2025-04-04 00:51:13 [main] DEBUG c.e.s.StudentManagementApplication - Running with Spring Boot v3.2.3, Spring v6.1.4
 2025-04-04 00:51:13 [main] INFO  c.e.s.StudentManagementApplication - No active profile set, falling back to 1 default profile: "default"
 2025-04-04 00:51:14 [main] INFO  o.s.d.r.c.RepositoryConfigurationDelegate - Bootstrapping Spring Data JPA repositories in DEFAULT mode.
 2025-04-04 00:51:14 [main] INFO  o.s.d.r.c.RepositoryConfigurationDelegate - Finished Spring Data repository scanning in 31 ms. Found 1 JPA repository interface.
 2025-04-04 00:51:14 [main] INFO  o.s.b.w.e.tomcat.TomcatWebServer - Tomcat initialized with port 8080 (http)
 2025-04-04 00:51:14 [main] INFO  o.a.catalina.core.StandardService - Starting service [Tomcat]
 2025-04-04 00:51:14 [main] INFO  o.a.catalina.core.StandardEngine - Starting Servlet engine: [Apache Tomcat/10.1.19]
 2025-04-04 00:51:14 [main] INFO  o.a.c.c.C.[Tomcat].[localhost].[/] - Initializing Spring embedded WebApplicationContext
 2025-04-04 00:51:14 [main] INFO  o.s.b.w.s.c.ServletWebServerApplicationContext - Root WebApplicationContext: initialization completed in 839 ms
 2025-04-04 00:51:14 [main] INFO  com.zaxxer.hikari.HikariDataSource - HikariPool-1 - Starting...
 2025-04-04 00:51:14 [main] INFO  com.zaxxer.hikari.pool.HikariPool - HikariPool-1 - Added connection conn0: url=jdbc:h2:mem:studentdb user=SA
 2025-04-04 00:51:14 [main] INFO  com.zaxxer.hikari.HikariDataSource - HikariPool-1 - Start completed.
 2025-04-04 00:51:14 [main] INFO  o.s.b.a.h.H2ConsoleAutoConfiguration - H2 console available at '/h2-console'. Database available at 'jdbc:h2:mem:studentdb'
 2025-04-04 00:51:14 [main] INFO  o.h.jpa.internal.util.LogHelper - HHH000204: Processing PersistenceUnitInfo [name: default]
 2025-04-04 00:51:14 [main] INFO  org.hibernate.Version - HHH000412: Hibernate ORM core version 6.4.4.Final
 2025-04-04 00:51:14 [main] INFO  o.h.c.i.RegionFactoryInitiator - HHH000026: Second-level cache disabled
 2025-04-04 00:51:15 [main] INFO  o.s.o.j.p.SpringPersistenceUnitInfo - No LoadTimeWeaver setup: ignoring JPA class transformer
 2025-04-04 00:51:15 [main] WARN  org.hibernate.orm.deprecation - HHH90000025: H2Dialect does not need to be specified explicitly using 'hibernate.dialect' (remove the property setting and it will be selected by default)
 2025-04-04 00:51:15 [main] INFO  o.h.e.t.j.p.i.JtaPlatformInitiator - HHH000489: No JTA platform available (set 'hibernate.transaction.jta.platform' to enable JTA platform integration)
 2025-04-04 00:51:15 [main] INFO  o.s.o.j.LocalContainerEntityManagerFactoryBean - Initialized JPA EntityManagerFactory for persistence unit 'default'
 2025-04-04 00:51:15 [main] WARN  o.s.b.a.o.j.JpaBaseConfiguration$JpaWebConfiguration - spring.jpa.open-in-view is enabled by default. Therefore, database queries may be performed during view rendering. Explicitly configure spring.jpa.open-in-view to disable this warning
 2025-04-04 00:51:16 [main] INFO  o.s.b.w.e.tomcat.TomcatWebServer - Tomcat started on port 8080 (http) with context path ''
 2025-04-04 00:51:16 [main] INFO  c.e.s.StudentManagementApplication - Started StudentManagementApplication in 2.675 seconds (process running for 2.902)
 2025-04-04 00:51:37 [http-nio-8080-exec-1] INFO  o.a.c.c.C.[Tomcat].[localhost].[/] - Initializing Spring DispatcherServlet 'dispatcherServlet'
 2025-04-04 00:51:37 [http-nio-8080-exec-1] INFO  o.s.web.servlet.DispatcherServlet - Initializing Servlet 'dispatcherServlet'
 2025-04-04 00:51:37 [http-nio-8080-exec-1] INFO  o.s.web.servlet.DispatcherServlet - Completed initialization in 1 ms
 2025-04-04 00:51:37 [http-nio-8080-exec-1] ERROR c.e.s.e.GlobalExceptionHandler - Unexpected error occurred: No static resource logs/student-management.log.
 org.springframework.web.servlet.resource.NoResourceFoundException: No static resource logs/student-management.log.
	at org.springframework.web.servlet.resource.ResourceHttpRequestHandler.handleRequest(ResourceHttpRequestHandler.java:585)
	at org.springframework.web.servlet.mvc.HttpRequestHandlerAdapter.handle(HttpRequestHandlerAdapter.java:52)
	at org.springframework.web.servlet.DispatcherServlet.doDispatch(DispatcherServlet.java:1089)
	at org.springframework.web.servlet.DispatcherServlet.doService(DispatcherServlet.java:979)
	at org.springframework.web.servlet.FrameworkServlet.processRequest(FrameworkServlet.java:1014)
	at org.springframework.web.servlet.FrameworkServlet.doGet(FrameworkServlet.java:903)
	at jakarta.servlet.http.HttpServlet.service(HttpServlet.java:564)
	at org.springframework.web.servlet.FrameworkServlet.service(FrameworkServlet.java:885)
	at jakarta.servlet.http.HttpServlet.service(HttpServlet.java:658)
	at org.apache.catalina.core.ApplicationFilterChain.internalDoFilter(ApplicationFilterChain.java:205)
	at org.apache.catalina.core.ApplicationFilterChain.doFilter(ApplicationFilterChain.java:149)
	at org.apache.tomcat.websocket.server.WsFilter.doFilter(WsFilter.java:51)
	at org.apache.catalina.core.ApplicationFilterChain.internalDoFilter(ApplicationFilterChain.java:174)
	at org.apache.catalina.core.ApplicationFilterChain.doFilter(ApplicationFilterChain.java:149)
	at org.springframework.web.filter.RequestContextFilter.doFilterInternal(RequestContextFilter.java:100)
	at org.springframework.web.filter.OncePerRequestFilter.doFilter(OncePerRequestFilter.java:116)
	at org.apache.catalina.core.ApplicationFilterChain.internalDoFilter(ApplicationFilterChain.java:174)
	at org.apache.catalina.core.ApplicationFilterChain.doFilter(ApplicationFilterChain.java:149)
	at org.springframework.web.filter.FormContentFilter.doFilterInternal(FormContentFilter.java:93)
	at org.springframework.web.filter.OncePerRequestFilter.doFilter(OncePerRequestFilter.java:116)
	at org.apache.catalina.core.ApplicationFilterChain.internalDoFilter(ApplicationFilterChain.java:174)
	at org.apache.catalina.core.ApplicationFilterChain.doFilter(ApplicationFilterChain.java:149)
	at org.springframework.web.filter.CharacterEncodingFilter.doFilterInternal(CharacterEncodingFilter.java:201)
	at org.springframework.web.filter.OncePerRequestFilter.doFilter(OncePerRequestFilter.java:116)
	at org.apache.catalina.core.ApplicationFilterChain.internalDoFilter(ApplicationFilterChain.java:174)
	at org.apache.catalina.core.ApplicationFilterChain.doFilter(ApplicationFilterChain.java:149)
	at org.apache.catalina.core.StandardWrapperValve.invoke(StandardWrapperValve.java:167)
	at org.apache.catalina.core.StandardContextValve.invoke(StandardContextValve.java:90)
	at org.apache.catalina.authenticator.AuthenticatorBase.invoke(AuthenticatorBase.java:482)
	at org.apache.catalina.core.StandardHostValve.invoke(StandardHostValve.java:115)
	at org.apache.catalina.valves.ErrorReportValve.invoke(ErrorReportValve.java:93)
	at org.apache.catalina.core.StandardEngineValve.invoke(StandardEngineValve.java:74)
	at org.apache.catalina.connector.CoyoteAdapter.service(CoyoteAdapter.java:344)
	at org.apache.coyote.http11.Http11Processor.service(Http11Processor.java:391)
	at org.apache.coyote.AbstractProcessorLight.process(AbstractProcessorLight.java:63)
	at org.apache.coyote.AbstractProtocol$ConnectionHandler.process(AbstractProtocol.java:896)
	at org.apache.tomcat.util.net.NioEndpoint$SocketProcessor.doRun(NioEndpoint.java:1744)
	at org.apache.tomcat.util.net.SocketProcessorBase.run(SocketProcessorBase.java:52)
	at org.apache.tomcat.util.threads.ThreadPoolExecutor.runWorker(ThreadPoolExecutor.java:1191)
	at org.apache.tomcat.util.threads.ThreadPoolExecutor$Worker.run(ThreadPoolExecutor.java:659)
	at org.apache.tomcat.util.threads.TaskThread$WrappingRunnable.run(TaskThread.java:63)
	at java.base/java.lang.Thread.run(Thread.java:842)
2025-04-04 00:51:59 [http-nio-8080-exec-2] ERROR c.e.s.e.GlobalExceptionHandler - Unexpected error occurred: No static resource target/test-logs/student-management-test.log.
 org.springframework.web.servlet.resource.NoResourceFoundException: No static resource target/test-logs/student-management-test.log.
	at org.springframework.web.servlet.resource.ResourceHttpRequestHandler.handleRequest(ResourceHttpRequestHandler.java:585)
	at org.springframework.web.servlet.mvc.HttpRequestHandlerAdapter.handle(HttpRequestHandlerAdapter.java:52)
	at org.springframework.web.servlet.DispatcherServlet.doDispatch(DispatcherServlet.java:1089)
	at org.springframework.web.servlet.DispatcherServlet.doService(DispatcherServlet.java:979)
	at org.springframework.web.servlet.FrameworkServlet.processRequest(FrameworkServlet.java:1014)
	at org.springframework.web.servlet.FrameworkServlet.doGet(FrameworkServlet.java:903)
	at jakarta.servlet.http.HttpServlet.service(HttpServlet.java:564)
	at org.springframework.web.servlet.FrameworkServlet.service(FrameworkServlet.java:885)
	at jakarta.servlet.http.HttpServlet.service(HttpServlet.java:658)
	at org.apache.catalina.core.ApplicationFilterChain.internalDoFilter(ApplicationFilterChain.java:205)
	at org.apache.catalina.core.ApplicationFilterChain.doFilter(ApplicationFilterChain.java:149)
	at org.apache.tomcat.websocket.server.WsFilter.doFilter(WsFilter.java:51)
	at org.apache.catalina.core.ApplicationFilterChain.internalDoFilter(ApplicationFilterChain.java:174)
	at org.apache.catalina.core.ApplicationFilterChain.doFilter(ApplicationFilterChain.java:149)
	at org.springframework.web.filter.RequestContextFilter.doFilterInternal(RequestContextFilter.java:100)
	at org.springframework.web.filter.OncePerRequestFilter.doFilter(OncePerRequestFilter.java:116)
	at org.apache.catalina.core.ApplicationFilterChain.internalDoFilter(ApplicationFilterChain.java:174)
	at org.apache.catalina.core.ApplicationFilterChain.doFilter(ApplicationFilterChain.java:149)
	at org.springframework.web.filter.FormContentFilter.doFilterInternal(FormContentFilter.java:93)
	at org.springframework.web.filter.OncePerRequestFilter.doFilter(OncePerRequestFilter.java:116)
	at org.apache.catalina.core.ApplicationFilterChain.internalDoFilter(ApplicationFilterChain.java:174)
	at org.apache.catalina.core.ApplicationFilterChain.doFilter(ApplicationFilterChain.java:149)
	at org.springframework.web.filter.CharacterEncodingFilter.doFilterInternal(CharacterEncodingFilter.java:201)
	at org.springframework.web.filter.OncePerRequestFilter.doFilter(OncePerRequestFilter.java:116)
	at org.apache.catalina.core.ApplicationFilterChain.internalDoFilter(ApplicationFilterChain.java:174)
	at org.apache.catalina.core.ApplicationFilterChain.doFilter(ApplicationFilterChain.java:149)
	at org.apache.catalina.core.StandardWrapperValve.invoke(StandardWrapperValve.java:167)
	at org.apache.catalina.core.StandardContextValve.invoke(StandardContextValve.java:90)
	at org.apache.catalina.authenticator.AuthenticatorBase.invoke(AuthenticatorBase.java:482)
	at org.apache.catalina.core.StandardHostValve.invoke(StandardHostValve.java:115)
	at org.apache.catalina.valves.ErrorReportValve.invoke(ErrorReportValve.java:93)
	at org.apache.catalina.core.StandardEngineValve.invoke(StandardEngineValve.java:74)
	at org.apache.catalina.connector.CoyoteAdapter.service(CoyoteAdapter.java:344)
	at org.apache.coyote.http11.Http11Processor.service(Http11Processor.java:391)
	at org.apache.coyote.AbstractProcessorLight.process(AbstractProcessorLight.java:63)
	at org.apache.coyote.AbstractProtocol$ConnectionHandler.process(AbstractProtocol.java:896)
	at org.apache.tomcat.util.net.NioEndpoint$SocketProcessor.doRun(NioEndpoint.java:1744)
	at org.apache.tomcat.util.net.SocketProcessorBase.run(SocketProcessorBase.java:52)
	at org.apache.tomcat.util.threads.ThreadPoolExecutor.runWorker(ThreadPoolExecutor.java:1191)
	at org.apache.tomcat.util.threads.ThreadPoolExecutor$Worker.run(ThreadPoolExecutor.java:659)
	at org.apache.tomcat.util.threads.TaskThread$WrappingRunnable.run(TaskThread.java:63)
	at java.base/java.lang.Thread.run(Thread.java:842)
2025-04-04 00:52:04 [http-nio-8080-exec-3] ERROR c.e.s.e.GlobalExceptionHandler - Unexpected error occurred: No static resource target/test-logs/student-management-test.log.
 org.springframework.web.servlet.resource.NoResourceFoundException: No static resource target/test-logs/student-management-test.log.
	at org.springframework.web.servlet.resource.ResourceHttpRequestHandler.handleRequest(ResourceHttpRequestHandler.java:585)
	at org.springframework.web.servlet.mvc.HttpRequestHandlerAdapter.handle(HttpRequestHandlerAdapter.java:52)
	at org.springframework.web.servlet.DispatcherServlet.doDispatch(DispatcherServlet.java:1089)
	at org.springframework.web.servlet.DispatcherServlet.doService(DispatcherServlet.java:979)
	at org.springframework.web.servlet.FrameworkServlet.processRequest(FrameworkServlet.java:1014)
	at org.springframework.web.servlet.FrameworkServlet.doGet(FrameworkServlet.java:903)
	at jakarta.servlet.http.HttpServlet.service(HttpServlet.java:564)
	at org.springframework.web.servlet.FrameworkServlet.service(FrameworkServlet.java:885)
	at jakarta.servlet.http.HttpServlet.service(HttpServlet.java:658)
	at org.apache.catalina.core.ApplicationFilterChain.internalDoFilter(ApplicationFilterChain.java:205)
	at org.apache.catalina.core.ApplicationFilterChain.doFilter(ApplicationFilterChain.java:149)
	at org.apache.tomcat.websocket.server.WsFilter.doFilter(WsFilter.java:51)
	at org.apache.catalina.core.ApplicationFilterChain.internalDoFilter(ApplicationFilterChain.java:174)
	at org.apache.catalina.core.ApplicationFilterChain.doFilter(ApplicationFilterChain.java:149)
	at org.springframework.web.filter.RequestContextFilter.doFilterInternal(RequestContextFilter.java:100)
	at org.springframework.web.filter.OncePerRequestFilter.doFilter(OncePerRequestFilter.java:116)
	at org.apache.catalina.core.ApplicationFilterChain.internalDoFilter(ApplicationFilterChain.java:174)
	at org.apache.catalina.core.ApplicationFilterChain.doFilter(ApplicationFilterChain.java:149)
	at org.springframework.web.filter.FormContentFilter.doFilterInternal(FormContentFilter.java:93)
	at org.springframework.web.filter.OncePerRequestFilter.doFilter(OncePerRequestFilter.java:116)
	at org.apache.catalina.core.ApplicationFilterChain.internalDoFilter(ApplicationFilterChain.java:174)
	at org.apache.catalina.core.ApplicationFilterChain.doFilter(ApplicationFilterChain.java:149)
	at org.springframework.web.filter.CharacterEncodingFilter.doFilterInternal(CharacterEncodingFilter.java:201)
	at org.springframework.web.filter.OncePerRequestFilter.doFilter(OncePerRequestFilter.java:116)
	at org.apache.catalina.core.ApplicationFilterChain.internalDoFilter(ApplicationFilterChain.java:174)
	at org.apache.catalina.core.ApplicationFilterChain.doFilter(ApplicationFilterChain.java:149)
	at org.apache.catalina.core.StandardWrapperValve.invoke(StandardWrapperValve.java:167)
	at org.apache.catalina.core.StandardContextValve.invoke(StandardContextValve.java:90)
	at org.apache.catalina.authenticator.AuthenticatorBase.invoke(AuthenticatorBase.java:482)
	at org.apache.catalina.core.StandardHostValve.invoke(StandardHostValve.java:115)
	at org.apache.catalina.valves.ErrorReportValve.invoke(ErrorReportValve.java:93)
	at org.apache.catalina.core.StandardEngineValve.invoke(StandardEngineValve.java:74)
	at org.apache.catalina.connector.CoyoteAdapter.service(CoyoteAdapter.java:344)
	at org.apache.coyote.http11.Http11Processor.service(Http11Processor.java:391)
	at org.apache.coyote.AbstractProcessorLight.process(AbstractProcessorLight.java:63)
	at org.apache.coyote.AbstractProtocol$ConnectionHandler.process(AbstractProtocol.java:896)
	at org.apache.tomcat.util.net.NioEndpoint$SocketProcessor.doRun(NioEndpoint.java:1744)
	at org.apache.tomcat.util.net.SocketProcessorBase.run(SocketProcessorBase.java:52)
	at org.apache.tomcat.util.threads.ThreadPoolExecutor.runWorker(ThreadPoolExecutor.java:1191)
	at org.apache.tomcat.util.threads.ThreadPoolExecutor$Worker.run(ThreadPoolExecutor.java:659)
	at org.apache.tomcat.util.threads.TaskThread$WrappingRunnable.run(TaskThread.java:63)
	at java.base/java.lang.Thread.run(Thread.java:842)
2025-04-04 00:52:16 [http-nio-8080-exec-2] INFO  o.s.api.AbstractOpenApiResource - Init duration for springdoc-openapi is: 142 ms
 2025-04-04 00:52:36 [SpringApplicationShutdownHook] INFO  o.s.o.j.LocalContainerEntityManagerFactoryBean - Closing JPA EntityManagerFactory for persistence unit 'default'
 2025-04-04 00:52:36 [SpringApplicationShutdownHook] INFO  com.zaxxer.hikari.HikariDataSource - HikariPool-1 - Shutdown initiated...
 2025-04-04 00:52:36 [SpringApplicationShutdownHook] INFO  com.zaxxer.hikari.HikariDataSource - HikariPool-1 - Shutdown completed.
 2025-04-04 00:52:57 [main] INFO  c.e.s.StudentManagementApplication - Starting StudentManagementApplication using Java 17.0.12 with PID 9840 (D:\spring\spring-students-management\target\classes started by nazar in D:\spring\spring-students-management)
 2025-04-04 00:52:57 [main] DEBUG c.e.s.StudentManagementApplication - Running with Spring Boot v3.2.3, Spring v6.1.4
 2025-04-04 00:52:57 [main] INFO  c.e.s.StudentManagementApplication - No active profile set, falling back to 1 default profile: "default"
 2025-04-04 00:52:58 [main] INFO  o.s.d.r.c.RepositoryConfigurationDelegate - Bootstrapping Spring Data JPA repositories in DEFAULT mode.
 2025-04-04 00:52:58 [main] INFO  o.s.d.r.c.RepositoryConfigurationDelegate - Finished Spring Data repository scanning in 30 ms. Found 1 JPA repository interface.
 2025-04-04 00:52:58 [main] INFO  o.s.b.w.e.tomcat.TomcatWebServer - Tomcat initialized with port 8080 (http)
 2025-04-04 00:52:58 [main] INFO  o.a.catalina.core.StandardService - Starting service [Tomcat]
 2025-04-04 00:52:58 [main] INFO  o.a.catalina.core.StandardEngine - Starting Servlet engine: [Apache Tomcat/10.1.19]
 2025-04-04 00:52:58 [main] INFO  o.a.c.c.C.[Tomcat].[localhost].[/] - Initializing Spring embedded WebApplicationContext
 2025-04-04 00:52:58 [main] INFO  o.s.b.w.s.c.ServletWebServerApplicationContext - Root WebApplicationContext: initialization completed in 846 ms
 2025-04-04 00:52:58 [main] INFO  com.zaxxer.hikari.HikariDataSource - HikariPool-1 - Starting...
 2025-04-04 00:52:58 [main] INFO  com.zaxxer.hikari.pool.HikariPool - HikariPool-1 - Added connection conn0: url=jdbc:h2:mem:studentdb user=SA
 2025-04-04 00:52:58 [main] INFO  com.zaxxer.hikari.HikariDataSource - HikariPool-1 - Start completed.
 2025-04-04 00:52:58 [main] INFO  o.s.b.a.h.H2ConsoleAutoConfiguration - H2 console available at '/h2-console'. Database available at 'jdbc:h2:mem:studentdb'
 2025-04-04 00:52:59 [main] INFO  o.h.jpa.internal.util.LogHelper - HHH000204: Processing PersistenceUnitInfo [name: default]
 2025-04-04 00:52:59 [main] INFO  org.hibernate.Version - HHH000412: Hibernate ORM core version 6.4.4.Final
 2025-04-04 00:52:59 [main] INFO  o.h.c.i.RegionFactoryInitiator - HHH000026: Second-level cache disabled
 2025-04-04 00:52:59 [main] INFO  o.s.o.j.p.SpringPersistenceUnitInfo - No LoadTimeWeaver setup: ignoring JPA class transformer
 2025-04-04 00:52:59 [main] WARN  org.hibernate.orm.deprecation - HHH90000025: H2Dialect does not need to be specified explicitly using 'hibernate.dialect' (remove the property setting and it will be selected by default)
 2025-04-04 00:52:59 [main] INFO  o.h.e.t.j.p.i.JtaPlatformInitiator - HHH000489: No JTA platform available (set 'hibernate.transaction.jta.platform' to enable JTA platform integration)
 2025-04-04 00:52:59 [main] INFO  o.s.o.j.LocalContainerEntityManagerFactoryBean - Initialized JPA EntityManagerFactory for persistence unit 'default'
 2025-04-04 00:53:00 [main] WARN  o.s.b.a.o.j.JpaBaseConfiguration$JpaWebConfiguration - spring.jpa.open-in-view is enabled by default. Therefore, database queries may be performed during view rendering. Explicitly configure spring.jpa.open-in-view to disable this warning
 2025-04-04 00:53:00 [main] INFO  o.s.b.w.e.tomcat.TomcatWebServer - Tomcat started on port 8080 (http) with context path ''
 2025-04-04 00:53:00 [main] INFO  c.e.s.StudentManagementApplication - Started StudentManagementApplication in 2.603 seconds (process running for 2.828)
 2025-04-04 00:53:16 [SpringApplicationShutdownHook] INFO  o.s.o.j.LocalContainerEntityManagerFactoryBean - Closing JPA EntityManagerFactory for persistence unit 'default'
 2025-04-04 00:53:16 [SpringApplicationShutdownHook] INFO  com.zaxxer.hikari.HikariDataSource - HikariPool-1 - Shutdown initiated...
 2025-04-04 00:53:16 [SpringApplicationShutdownHook] INFO  com.zaxxer.hikari.HikariDataSource - HikariPool-1 - Shutdown completed.
 